<?xml version="1.0" encoding="UTF-8"?>
<coverage generated="1674480264670" clover="3.2.0">
  <project timestamp="1674480264671" name="All files">
    <metrics statements="7" coveredstatements="7" conditionals="4" coveredconditionals="4" methods="1" coveredmethods="1" elements="12" coveredelements="12" complexity="0" loc="7" ncloc="7" packages="1" files="1" classes="1"/>
    <file name="printMessage.js" path="/home/lucasiqueira/Documents/Trybe/trybe-exercicios/1-fundamentos/secao-7-introducao-a-javascript-es6-e-testes-unitarios/dia-3-matchers-e-cobertura-de-codigo/exercises/printMessage.js">
      <metrics statements="7" coveredstatements="7" conditionals="4" coveredconditionals="4" methods="1" coveredmethods="1"/>
      <line num="2" count="1" type="stmt"/>
      <line num="8" count="1" type="stmt"/>
      <line num="9" count="8" type="cond" truecount="4" falsecount="0"/>
      <line num="10" count="6" type="stmt"/>
      <line num="12" count="2" type="stmt"/>
      <line num="15" count="1" type="stmt"/>
      <line num="17" count="1" type="stmt"/>
    </file>
  </project>
</coverage>
