{"/home/lucasiqueira/Documents/Trybe/trybe-exercicios/1-fundamentos/secao-7-introducao-a-javascript-es6-e-testes-unitarios/dia-3-matchers-e-cobertura-de-codigo/exercises/printMessage.js": {"path":"/home/lucasiqueira/Documents/Trybe/trybe-exercicios/1-fundamentos/secao-7-introducao-a-javascript-es6-e-testes-unitarios/dia-3-matchers-e-cobertura-de-codigo/exercises/printMessage.js","statementMap":{"0":{"start":{"line":2,"column":11},"end":{"line":6,"column":1}},"1":{"start":{"line":8,"column":21},"end":{"line":10,"column":1}},"2":{"start":{"line":9,"column":2},"end":{"line":9,"column":54}},"3":{"start":{"line":12,"column":0},"end":{"line":12,"column":32}},"4":{"start":{"line":14,"column":0},"end":{"line":14,"column":40}}},"fnMap":{"0":{"name":"(anonymous_0)","decl":{"start":{"line":8,"column":21},"end":{"line":8,"column":22}},"loc":{"start":{"line":8,"column":40},"end":{"line":10,"column":1}},"line":8}},"branchMap":{},"s":{"0":1,"1":1,"2":1,"3":1,"4":1},"f":{"0":1},"b":{},"_coverageSchema":"1a1c01bbd47fc00a2c39e90264f33305004495a9","hash":"67f49028f9d6d118003cde082ad93b286264a5e5"}
}
