{"/home/lucasiqueira/Documents/Trybe/trybe-exercicios/1-fundamentos/secao-7-introducao-a-javascript-es6-e-testes-unitarios/dia-3-matchers-e-cobertura-de-codigo/exercises/printMessage.js": {"path":"/home/lucasiqueira/Documents/Trybe/trybe-exercicios/1-fundamentos/secao-7-introducao-a-javascript-es6-e-testes-unitarios/dia-3-matchers-e-cobertura-de-codigo/exercises/printMessage.js","statementMap":{"0":{"start":{"line":2,"column":11},"end":{"line":6,"column":1}},"1":{"start":{"line":8,"column":21},"end":{"line":13,"column":1}},"2":{"start":{"line":9,"column":2},"end":{"line":11,"column":3}},"3":{"start":{"line":10,"column":4},"end":{"line":10,"column":39}},"4":{"start":{"line":12,"column":2},"end":{"line":12,"column":53}},"5":{"start":{"line":15,"column":0},"end":{"line":15,"column":32}},"6":{"start":{"line":17,"column":0},"end":{"line":17,"column":40}}},"fnMap":{"0":{"name":"(anonymous_0)","decl":{"start":{"line":8,"column":21},"end":{"line":8,"column":22}},"loc":{"start":{"line":8,"column":40},"end":{"line":13,"column":1}},"line":8}},"branchMap":{"0":{"loc":{"start":{"line":9,"column":2},"end":{"line":11,"column":3}},"type":"if","locations":[{"start":{"line":9,"column":2},"end":{"line":11,"column":3}},{"start":{},"end":{}}],"line":9},"1":{"loc":{"start":{"line":9,"column":6},"end":{"line":9,"column":62}},"type":"binary-expr","locations":[{"start":{"line":9,"column":6},"end":{"line":9,"column":20}},{"start":{"line":9,"column":24},"end":{"line":9,"column":62}}],"line":9}},"s":{"0":1,"1":1,"2":8,"3":6,"4":2,"5":1,"6":1},"f":{"0":8},"b":{"0":[6,2],"1":[8,5]},"_coverageSchema":"1a1c01bbd47fc00a2c39e90264f33305004495a9","hash":"485d3fa0ad32711553651ed8a0ce22be977e188c"}
}
